{"C:\\Users\\Illia_Sauchuk\\Projects\\react-cource\\src\\components\\footer\\footer.component.js": {"path":"C:\\Users\\Illia_Sauchuk\\Projects\\react-cource\\src\\components\\footer\\footer.component.js","statementMap":{"0":{"start":{"line":5,"column":15},"end":{"line":5,"column":59}},"1":{"start":{"line":5,"column":22},"end":{"line":5,"column":58}}},"fnMap":{"0":{"name":"(anonymous_0)","decl":{"start":{"line":5,"column":15},"end":{"line":5,"column":16}},"loc":{"start":{"line":5,"column":22},"end":{"line":5,"column":58}},"line":5}},"branchMap":{},"s":{"0":1,"1":1},"f":{"0":1},"b":{},"_coverageSchema":"43e27e138ebf9cfc5966b082cf9a028302ed4184","hash":"2effb9ca0b31e8f7e1be7eae0a67f8b47f7a9154"}
,"C:\\Users\\Illia_Sauchuk\\Projects\\react-cource\\src\\components\\home\\home.component.js": {"path":"C:\\Users\\Illia_Sauchuk\\Projects\\react-cource\\src\\components\\home\\home.component.js","statementMap":{"0":{"start":{"line":5,"column":13},"end":{"line":10,"column":1}},"1":{"start":{"line":6,"column":4},"end":{"line":9,"column":15}}},"fnMap":{"0":{"name":"(anonymous_0)","decl":{"start":{"line":5,"column":13},"end":{"line":5,"column":14}},"loc":{"start":{"line":6,"column":4},"end":{"line":9,"column":15}},"line":6}},"branchMap":{},"s":{"0":1,"1":1},"f":{"0":1},"b":{},"_coverageSchema":"43e27e138ebf9cfc5966b082cf9a028302ed4184","hash":"1a6bf0a8528baefa584b5a38eb53cc306a6a393d"}
,"C:\\Users\\Illia_Sauchuk\\Projects\\react-cource\\src\\components\\movie\\movie.component.js": {"path":"C:\\Users\\Illia_Sauchuk\\Projects\\react-cource\\src\\components\\movie\\movie.component.js","statementMap":{"0":{"start":{"line":4,"column":14},"end":{"line":6,"column":1}},"1":{"start":{"line":5,"column":4},"end":{"line":5,"column":31}}},"fnMap":{"0":{"name":"(anonymous_0)","decl":{"start":{"line":4,"column":14},"end":{"line":4,"column":15}},"loc":{"start":{"line":4,"column":40},"end":{"line":6,"column":1}},"line":4}},"branchMap":{},"s":{"0":1,"1":1},"f":{"0":1},"b":{},"_coverageSchema":"43e27e138ebf9cfc5966b082cf9a028302ed4184","hash":"c9b68d6d628e7fd283cf7b5c925c38ef13521277"}
,"C:\\Users\\Illia_Sauchuk\\Projects\\react-cource\\src\\components\\movie-list-item\\index.js": {"path":"C:\\Users\\Illia_Sauchuk\\Projects\\react-cource\\src\\components\\movie-list-item\\index.js","statementMap":{},"fnMap":{},"branchMap":{},"s":{},"f":{},"b":{},"_coverageSchema":"43e27e138ebf9cfc5966b082cf9a028302ed4184","hash":"785f32007fa845ab8e8b5bb82be026924eb3e82e"}
,"C:\\Users\\Illia_Sauchuk\\Projects\\react-cource\\src\\components\\movie-list-item\\movie-list-item.component.js": {"path":"C:\\Users\\Illia_Sauchuk\\Projects\\react-cource\\src\\components\\movie-list-item\\movie-list-item.component.js","statementMap":{"0":{"start":{"line":7,"column":23},"end":{"line":22,"column":1}},"1":{"start":{"line":8,"column":4},"end":{"line":21,"column":10}},"2":{"start":{"line":24,"column":0},"end":{"line":26,"column":1}}},"fnMap":{"0":{"name":"(anonymous_0)","decl":{"start":{"line":7,"column":23},"end":{"line":7,"column":24}},"loc":{"start":{"line":8,"column":4},"end":{"line":21,"column":10}},"line":8}},"branchMap":{},"s":{"0":2,"1":0,"2":2},"f":{"0":0},"b":{},"_coverageSchema":"43e27e138ebf9cfc5966b082cf9a028302ed4184","hash":"da3059e201b55b25ad6b889f1b013505b97a57a6"}
,"C:\\Users\\Illia_Sauchuk\\Projects\\react-cource\\src\\components\\movies-container\\index.js": {"path":"C:\\Users\\Illia_Sauchuk\\Projects\\react-cource\\src\\components\\movies-container\\index.js","statementMap":{},"fnMap":{},"branchMap":{},"s":{},"f":{},"b":{},"_coverageSchema":"43e27e138ebf9cfc5966b082cf9a028302ed4184","hash":"ee4e85176041cbf7c87aa0f95756f35c78abe06d"}
,"C:\\Users\\Illia_Sauchuk\\Projects\\react-cource\\src\\components\\movies-container\\movies-container.component.js": {"path":"C:\\Users\\Illia_Sauchuk\\Projects\\react-cource\\src\\components\\movies-container\\movies-container.component.js","statementMap":{"0":{"start":{"line":11,"column":19},"end":{"line":11,"column":30}},"1":{"start":{"line":15,"column":8},"end":{"line":15,"column":21}},"2":{"start":{"line":16,"column":8},"end":{"line":18,"column":9}},"3":{"start":{"line":22,"column":29},"end":{"line":22,"column":39}},"4":{"start":{"line":23,"column":8},"end":{"line":23,"column":58}},"5":{"start":{"line":25,"column":8},"end":{"line":25,"column":48}},"6":{"start":{"line":29,"column":35},"end":{"line":29,"column":45}},"7":{"start":{"line":30,"column":37},"end":{"line":30,"column":47}},"8":{"start":{"line":32,"column":8},"end":{"line":49,"column":9}},"9":{"start":{"line":46,"column":52},"end":{"line":46,"column":97}},"10":{"start":{"line":53,"column":0},"end":{"line":56,"column":2}},"11":{"start":{"line":61,"column":11},"end":{"line":61,"column":31}}},"fnMap":{"0":{"name":"(anonymous_0)","decl":{"start":{"line":14,"column":4},"end":{"line":14,"column":5}},"loc":{"start":{"line":14,"column":23},"end":{"line":19,"column":5}},"line":14},"1":{"name":"(anonymous_1)","decl":{"start":{"line":21,"column":21},"end":{"line":21,"column":22}},"loc":{"start":{"line":21,"column":26},"end":{"line":26,"column":5}},"line":21},"2":{"name":"(anonymous_2)","decl":{"start":{"line":28,"column":4},"end":{"line":28,"column":5}},"loc":{"start":{"line":28,"column":13},"end":{"line":50,"column":5}},"line":28},"3":{"name":"(anonymous_3)","decl":{"start":{"line":46,"column":42},"end":{"line":46,"column":43}},"loc":{"start":{"line":46,"column":52},"end":{"line":46,"column":97}},"line":46},"4":{"name":"(anonymous_4)","decl":{"start":{"line":59,"column":4},"end":{"line":59,"column":5}},"loc":{"start":{"line":61,"column":11},"end":{"line":61,"column":31}},"line":61}},"branchMap":{"0":{"loc":{"start":{"line":45,"column":21},"end":{"line":45,"column":101}},"type":"binary-expr","locations":[{"start":{"line":45,"column":21},"end":{"line":45,"column":45}},{"start":{"line":45,"column":49},"end":{"line":45,"column":101}}],"line":45}},"s":{"0":2,"1":2,"2":2,"3":0,"4":0,"5":0,"6":2,"7":2,"8":2,"9":0,"10":2,"11":2},"f":{"0":2,"1":0,"2":2,"3":0,"4":2},"b":{"0":[2,2]},"_coverageSchema":"43e27e138ebf9cfc5966b082cf9a028302ed4184","hash":"8f486b9c1c6961319b21f7fbd4c2e9ac852dab3c"}
,"C:\\Users\\Illia_Sauchuk\\Projects\\react-cource\\src\\components\\not-found\\not-found.component.js": {"path":"C:\\Users\\Illia_Sauchuk\\Projects\\react-cource\\src\\components\\not-found\\not-found.component.js","statementMap":{"0":{"start":{"line":5,"column":17},"end":{"line":5,"column":146}},"1":{"start":{"line":5,"column":24},"end":{"line":5,"column":145}}},"fnMap":{"0":{"name":"(anonymous_0)","decl":{"start":{"line":5,"column":17},"end":{"line":5,"column":18}},"loc":{"start":{"line":5,"column":24},"end":{"line":5,"column":145}},"line":5}},"branchMap":{},"s":{"0":1,"1":1},"f":{"0":1},"b":{},"_coverageSchema":"43e27e138ebf9cfc5966b082cf9a028302ed4184","hash":"c5ec848f2e379042ed76eb53c3c6c73ced8a54a8"}
,"C:\\Users\\Illia_Sauchuk\\Projects\\react-cource\\src\\components\\search\\search.component.js": {"path":"C:\\Users\\Illia_Sauchuk\\Projects\\react-cource\\src\\components\\search\\search.component.js","statementMap":{"0":{"start":{"line":10,"column":19},"end":{"line":10,"column":30}},"1":{"start":{"line":14,"column":8},"end":{"line":14,"column":21}},"2":{"start":{"line":16,"column":8},"end":{"line":19,"column":10}},"3":{"start":{"line":22,"column":24},"end":{"line":22,"column":70}},"4":{"start":{"line":24,"column":26},"end":{"line":24,"column":75}},"5":{"start":{"line":27,"column":48},"end":{"line":27,"column":58}},"6":{"start":{"line":28,"column":29},"end":{"line":28,"column":39}},"7":{"start":{"line":30,"column":8},"end":{"line":30,"column":62}},"8":{"start":{"line":31,"column":8},"end":{"line":31,"column":62}},"9":{"start":{"line":35,"column":48},"end":{"line":35,"column":58}},"10":{"start":{"line":36,"column":37},"end":{"line":36,"column":47}},"11":{"start":{"line":38,"column":8},"end":{"line":66,"column":9}},"12":{"start":{"line":70,"column":0},"end":{"line":73,"column":2}},"13":{"start":{"line":78,"column":11},"end":{"line":78,"column":31}}},"fnMap":{"0":{"name":"(anonymous_0)","decl":{"start":{"line":13,"column":4},"end":{"line":13,"column":5}},"loc":{"start":{"line":13,"column":23},"end":{"line":20,"column":5}},"line":13},"1":{"name":"(anonymous_1)","decl":{"start":{"line":22,"column":19},"end":{"line":22,"column":20}},"loc":{"start":{"line":22,"column":24},"end":{"line":22,"column":70}},"line":22},"2":{"name":"(anonymous_2)","decl":{"start":{"line":24,"column":21},"end":{"line":24,"column":22}},"loc":{"start":{"line":24,"column":26},"end":{"line":24,"column":75}},"line":24},"3":{"name":"(anonymous_3)","decl":{"start":{"line":26,"column":20},"end":{"line":26,"column":21}},"loc":{"start":{"line":26,"column":26},"end":{"line":32,"column":5}},"line":26},"4":{"name":"(anonymous_4)","decl":{"start":{"line":34,"column":4},"end":{"line":34,"column":5}},"loc":{"start":{"line":34,"column":13},"end":{"line":67,"column":5}},"line":34},"5":{"name":"(anonymous_5)","decl":{"start":{"line":76,"column":4},"end":{"line":76,"column":5}},"loc":{"start":{"line":78,"column":11},"end":{"line":78,"column":31}},"line":78}},"branchMap":{},"s":{"0":1,"1":1,"2":1,"3":0,"4":0,"5":0,"6":0,"7":0,"8":0,"9":1,"10":1,"11":1,"12":1,"13":1},"f":{"0":1,"1":0,"2":0,"3":0,"4":1,"5":1},"b":{},"_coverageSchema":"43e27e138ebf9cfc5966b082cf9a028302ed4184","hash":"b2209763370545c3bf2f06d430b024f3e75aae25"}
,"C:\\Users\\Illia_Sauchuk\\Projects\\react-cource\\src\\helpers\\filterMoviesCollection.js": {"path":"C:\\Users\\Illia_Sauchuk\\Projects\\react-cource\\src\\helpers\\filterMoviesCollection.js","statementMap":{"0":{"start":{"line":1,"column":31},"end":{"line":14,"column":6}},"1":{"start":{"line":1,"column":88},"end":{"line":14,"column":6}},"2":{"start":{"line":2,"column":27},"end":{"line":2,"column":63}},"3":{"start":{"line":3,"column":28},"end":{"line":3,"column":74}},"4":{"start":{"line":3,"column":54},"end":{"line":3,"column":73}},"5":{"start":{"line":4,"column":26},"end":{"line":4,"column":73}},"6":{"start":{"line":6,"column":8},"end":{"line":13,"column":9}},"7":{"start":{"line":8,"column":16},"end":{"line":8,"column":85}},"8":{"start":{"line":10,"column":16},"end":{"line":10,"column":84}},"9":{"start":{"line":12,"column":16},"end":{"line":12,"column":28}}},"fnMap":{"0":{"name":"(anonymous_0)","decl":{"start":{"line":1,"column":31},"end":{"line":1,"column":32}},"loc":{"start":{"line":1,"column":88},"end":{"line":14,"column":6}},"line":1},"1":{"name":"(anonymous_1)","decl":{"start":{"line":1,"column":100},"end":{"line":1,"column":101}},"loc":{"start":{"line":1,"column":109},"end":{"line":14,"column":5}},"line":1},"2":{"name":"(anonymous_2)","decl":{"start":{"line":3,"column":45},"end":{"line":3,"column":46}},"loc":{"start":{"line":3,"column":54},"end":{"line":3,"column":73}},"line":3}},"branchMap":{"0":{"loc":{"start":{"line":4,"column":26},"end":{"line":4,"column":73}},"type":"binary-expr","locations":[{"start":{"line":4,"column":26},"end":{"line":4,"column":38}},{"start":{"line":4,"column":42},"end":{"line":4,"column":73}}],"line":4},"1":{"loc":{"start":{"line":6,"column":8},"end":{"line":13,"column":9}},"type":"switch","locations":[{"start":{"line":7,"column":12},"end":{"line":8,"column":85}},{"start":{"line":9,"column":12},"end":{"line":10,"column":84}},{"start":{"line":11,"column":12},"end":{"line":12,"column":28}}],"line":6},"2":{"loc":{"start":{"line":8,"column":23},"end":{"line":8,"column":84}},"type":"binary-expr","locations":[{"start":{"line":8,"column":23},"end":{"line":8,"column":70}},{"start":{"line":8,"column":74},"end":{"line":8,"column":84}}],"line":8},"3":{"loc":{"start":{"line":10,"column":23},"end":{"line":10,"column":83}},"type":"binary-expr","locations":[{"start":{"line":10,"column":23},"end":{"line":10,"column":69}},{"start":{"line":10,"column":73},"end":{"line":10,"column":83}}],"line":10}},"s":{"0":4,"1":2,"2":20,"3":20,"4":62,"5":20,"6":20,"7":10,"8":10,"9":0},"f":{"0":2,"1":20,"2":62},"b":{"0":[20,0],"1":[10,10,0],"2":[10,4],"3":[10,1]},"_coverageSchema":"43e27e138ebf9cfc5966b082cf9a028302ed4184","hash":"100449a8c81a781e2e2ea3cfcd142ecca4a02354"}
,"C:\\Users\\Illia_Sauchuk\\Projects\\react-cource\\src\\reducers\\index.js": {"path":"C:\\Users\\Illia_Sauchuk\\Projects\\react-cource\\src\\reducers\\index.js","statementMap":{},"fnMap":{},"branchMap":{},"s":{},"f":{},"b":{},"_coverageSchema":"43e27e138ebf9cfc5966b082cf9a028302ed4184","hash":"578033efaf78d03208f1eb5d805a96bcf64329fb"}
,"C:\\Users\\Illia_Sauchuk\\Projects\\react-cource\\src\\reducers\\movies.js": {"path":"C:\\Users\\Illia_Sauchuk\\Projects\\react-cource\\src\\reducers\\movies.js","statementMap":{"0":{"start":{"line":3,"column":21},"end":{"line":3,"column":48}},"1":{"start":{"line":4,"column":31},"end":{"line":4,"column":68}},"2":{"start":{"line":5,"column":27},"end":{"line":5,"column":60}},"3":{"start":{"line":6,"column":20},"end":{"line":6,"column":53}},"4":{"start":{"line":8,"column":21},"end":{"line":14,"column":1}},"5":{"start":{"line":16,"column":16},"end":{"line":38,"column":1}},"6":{"start":{"line":17,"column":28},"end":{"line":17,"column":34}},"7":{"start":{"line":19,"column":2},"end":{"line":37,"column":3}},"8":{"start":{"line":21,"column":6},"end":{"line":21,"column":50}},"9":{"start":{"line":24,"column":6},"end":{"line":24,"column":78}},"10":{"start":{"line":27,"column":6},"end":{"line":27,"column":51}},"11":{"start":{"line":30,"column":6},"end":{"line":33,"column":13}},"12":{"start":{"line":31,"column":10},"end":{"line":31,"column":48}},"13":{"start":{"line":31,"column":39},"end":{"line":31,"column":48}},"14":{"start":{"line":32,"column":10},"end":{"line":32,"column":19}},"15":{"start":{"line":36,"column":6},"end":{"line":36,"column":19}},"16":{"start":{"line":43,"column":2},"end":{"line":46,"column":3}},"17":{"start":{"line":50,"column":2},"end":{"line":53,"column":3}},"18":{"start":{"line":57,"column":2},"end":{"line":70,"column":4}},"19":{"start":{"line":58,"column":4},"end":{"line":58,"column":37}},"20":{"start":{"line":60,"column":4},"end":{"line":69,"column":10}},"21":{"start":{"line":61,"column":26},"end":{"line":61,"column":41}},"22":{"start":{"line":63,"column":25},"end":{"line":63,"column":67}},"23":{"start":{"line":64,"column":10},"end":{"line":64,"column":47}},"24":{"start":{"line":67,"column":10},"end":{"line":67,"column":30}},"25":{"start":{"line":68,"column":10},"end":{"line":68,"column":49}}},"fnMap":{"0":{"name":"(anonymous_0)","decl":{"start":{"line":16,"column":16},"end":{"line":16,"column":17}},"loc":{"start":{"line":16,"column":55},"end":{"line":38,"column":1}},"line":16},"1":{"name":"(anonymous_1)","decl":{"start":{"line":30,"column":71},"end":{"line":30,"column":72}},"loc":{"start":{"line":30,"column":81},"end":{"line":33,"column":9}},"line":30},"2":{"name":"loadMoviesFulfilled","decl":{"start":{"line":42,"column":16},"end":{"line":42,"column":35}},"loc":{"start":{"line":42,"column":54},"end":{"line":47,"column":1}},"line":42},"3":{"name":"sortMoviesList","decl":{"start":{"line":49,"column":16},"end":{"line":49,"column":30}},"loc":{"start":{"line":49,"column":40},"end":{"line":54,"column":1}},"line":49},"4":{"name":"loadMovies","decl":{"start":{"line":56,"column":16},"end":{"line":56,"column":26}},"loc":{"start":{"line":56,"column":41},"end":{"line":71,"column":1}},"line":56},"5":{"name":"(anonymous_5)","decl":{"start":{"line":57,"column":9},"end":{"line":57,"column":10}},"loc":{"start":{"line":57,"column":21},"end":{"line":70,"column":3}},"line":57},"6":{"name":"(anonymous_6)","decl":{"start":{"line":61,"column":14},"end":{"line":61,"column":15}},"loc":{"start":{"line":61,"column":26},"end":{"line":61,"column":41}},"line":61},"7":{"name":"(anonymous_7)","decl":{"start":{"line":62,"column":14},"end":{"line":62,"column":15}},"loc":{"start":{"line":62,"column":28},"end":{"line":65,"column":9}},"line":62},"8":{"name":"(anonymous_8)","decl":{"start":{"line":66,"column":15},"end":{"line":66,"column":16}},"loc":{"start":{"line":66,"column":24},"end":{"line":69,"column":9}},"line":66}},"branchMap":{"0":{"loc":{"start":{"line":16,"column":17},"end":{"line":16,"column":37}},"type":"default-arg","locations":[{"start":{"line":16,"column":25},"end":{"line":16,"column":37}}],"line":16},"1":{"loc":{"start":{"line":16,"column":39},"end":{"line":16,"column":50}},"type":"default-arg","locations":[{"start":{"line":16,"column":48},"end":{"line":16,"column":50}}],"line":16},"2":{"loc":{"start":{"line":19,"column":2},"end":{"line":37,"column":3}},"type":"switch","locations":[{"start":{"line":20,"column":4},"end":{"line":21,"column":50}},{"start":{"line":23,"column":4},"end":{"line":24,"column":78}},{"start":{"line":26,"column":4},"end":{"line":27,"column":51}},{"start":{"line":29,"column":4},"end":{"line":33,"column":13}},{"start":{"line":35,"column":4},"end":{"line":36,"column":19}}],"line":19},"3":{"loc":{"start":{"line":31,"column":10},"end":{"line":31,"column":48}},"type":"if","locations":[{"start":{"line":31,"column":10},"end":{"line":31,"column":48}},{"start":{"line":31,"column":10},"end":{"line":31,"column":48}}],"line":31}},"s":{"0":3,"1":3,"2":3,"3":3,"4":3,"5":3,"6":12,"7":12,"8":1,"9":1,"10":1,"11":1,"12":45,"13":45,"14":0,"15":8,"16":1,"17":1,"18":0,"19":0,"20":0,"21":0,"22":0,"23":0,"24":0,"25":0},"f":{"0":12,"1":45,"2":1,"3":1,"4":0,"5":0,"6":0,"7":0,"8":0},"b":{"0":[8],"1":[0],"2":[1,1,1,1,8],"3":[45,0]},"_coverageSchema":"43e27e138ebf9cfc5966b082cf9a028302ed4184","hash":"1e658be8da59f51526818d21543e714a99639c88"}
,"C:\\Users\\Illia_Sauchuk\\Projects\\react-cource\\src\\store\\configureStore.dev.js": {"path":"C:\\Users\\Illia_Sauchuk\\Projects\\react-cource\\src\\store\\configureStore.dev.js","statementMap":{"0":{"start":{"line":32,"column":17},"end":{"line":35,"column":44}},"1":{"start":{"line":33,"column":11},"end":{"line":33,"column":12}},"2":{"start":{"line":39,"column":27},"end":{"line":39,"column":49}},"3":{"start":{"line":40,"column":14},"end":{"line":47,"column":1}}},"fnMap":{"0":{"name":"(anonymous_0)","decl":{"start":{"line":33,"column":6},"end":{"line":33,"column":7}},"loc":{"start":{"line":33,"column":11},"end":{"line":33,"column":12}},"line":33}},"branchMap":{"0":{"loc":{"start":{"line":32,"column":17},"end":{"line":35,"column":44}},"type":"cond-expr","locations":[{"start":{"line":33,"column":6},"end":{"line":33,"column":12}},{"start":{"line":34,"column":6},"end":{"line":35,"column":44}}],"line":32},"1":{"loc":{"start":{"line":34,"column":6},"end":{"line":35,"column":44}},"type":"binary-expr","locations":[{"start":{"line":34,"column":6},"end":{"line":34,"column":41}},{"start":{"line":35,"column":7},"end":{"line":35,"column":44}}],"line":34}},"s":{"0":2,"1":2,"2":2,"3":2},"f":{"0":2},"b":{"0":[2,0],"1":[0,0]},"_coverageSchema":"43e27e138ebf9cfc5966b082cf9a028302ed4184","hash":"eb6c324dac224c8d8501ea2b61c934b62ca8ef04"}
,"C:\\Users\\Illia_Sauchuk\\Projects\\react-cource\\src\\store\\index.js": {"path":"C:\\Users\\Illia_Sauchuk\\Projects\\react-cource\\src\\store\\index.js","statementMap":{},"fnMap":{},"branchMap":{},"s":{},"f":{},"b":{},"_coverageSchema":"43e27e138ebf9cfc5966b082cf9a028302ed4184","hash":"38a605b5ac3e954fbf91801935c2347a12c4b92c"}
}
