TN:
SF:C:\Users\Illia_Sauchuk\Projects\react-cource\src\components\footer\footer.component.js
FN:5,(anonymous_0)
FNF:1
FNH:1
FNDA:1,(anonymous_0)
DA:5,1
LF:1
LH:1
BRF:0
BRH:0
end_of_record
TN:
SF:C:\Users\Illia_Sauchuk\Projects\react-cource\src\components\home\home.component.js
FN:5,(anonymous_0)
FNF:1
FNH:1
FNDA:1,(anonymous_0)
DA:5,1
DA:6,1
LF:2
LH:2
BRF:0
BRH:0
end_of_record
TN:
SF:C:\Users\Illia_Sauchuk\Projects\react-cource\src\components\movie\movie-details-item.component.js
FN:4,(anonymous_0)
FNF:1
FNH:1
FNDA:1,(anonymous_0)
DA:4,1
DA:5,1
LF:2
LH:2
BRF:0
BRH:0
end_of_record
TN:
SF:C:\Users\Illia_Sauchuk\Projects\react-cource\src\components\movie-list-item\index.js
FNF:0
FNH:0
LF:0
LH:0
BRF:0
BRH:0
end_of_record
TN:
SF:C:\Users\Illia_Sauchuk\Projects\react-cource\src\components\movie-list-item\movie-list-item.component.js
FN:7,(anonymous_0)
FNF:1
FNH:0
FNDA:0,(anonymous_0)
DA:7,2
DA:8,0
DA:24,2
LF:3
LH:2
BRF:0
BRH:0
end_of_record
TN:
SF:C:\Users\Illia_Sauchuk\Projects\react-cource\src\components\movies-container\index.js
FNF:0
FNH:0
LF:0
LH:0
BRF:0
BRH:0
end_of_record
TN:
SF:C:\Users\Illia_Sauchuk\Projects\react-cource\src\components\movies-container\home-movies-container.component.js
FN:14,(anonymous_0)
FN:21,(anonymous_1)
FN:28,(anonymous_2)
FN:46,(anonymous_3)
FN:59,(anonymous_4)
FNF:5
FNH:3
FNDA:2,(anonymous_0)
FNDA:0,(anonymous_1)
FNDA:2,(anonymous_2)
FNDA:0,(anonymous_3)
FNDA:2,(anonymous_4)
DA:11,2
DA:15,2
DA:16,2
DA:22,0
DA:23,0
DA:25,0
DA:29,2
DA:30,2
DA:32,2
DA:46,0
DA:53,2
DA:61,2
LF:12
LH:8
BRDA:45,0,0,2
BRDA:45,0,1,2
BRF:2
BRH:2
end_of_record
TN:
SF:C:\Users\Illia_Sauchuk\Projects\react-cource\src\components\not-found\not-found.component.js
FN:5,(anonymous_0)
FNF:1
FNH:1
FNDA:1,(anonymous_0)
DA:5,1
LF:1
LH:1
BRF:0
BRH:0
end_of_record
TN:
SF:C:\Users\Illia_Sauchuk\Projects\react-cource\src\components\search\search.component.js
FN:13,(anonymous_0)
FN:22,(anonymous_1)
FN:24,(anonymous_2)
FN:26,(anonymous_3)
FN:34,(anonymous_4)
FN:76,(anonymous_5)
FNF:6
FNH:3
FNDA:1,(anonymous_0)
FNDA:0,(anonymous_1)
FNDA:0,(anonymous_2)
FNDA:0,(anonymous_3)
FNDA:1,(anonymous_4)
FNDA:1,(anonymous_5)
DA:10,1
DA:14,1
DA:16,1
DA:22,0
DA:24,0
DA:27,0
DA:28,0
DA:30,0
DA:31,0
DA:35,1
DA:36,1
DA:38,1
DA:70,1
DA:78,1
LF:14
LH:8
BRF:0
BRH:0
end_of_record
TN:
SF:C:\Users\Illia_Sauchuk\Projects\react-cource\src\helpers\filterMoviesCollection.js
FN:1,(anonymous_0)
FN:1,(anonymous_1)
FN:3,(anonymous_2)
FNF:3
FNH:3
FNDA:2,(anonymous_0)
FNDA:20,(anonymous_1)
FNDA:62,(anonymous_2)
DA:1,4
DA:2,20
DA:3,62
DA:4,20
DA:6,20
DA:8,10
DA:10,10
DA:12,0
LF:8
LH:7
BRDA:4,0,0,20
BRDA:4,0,1,0
BRDA:6,1,0,10
BRDA:6,1,1,10
BRDA:6,1,2,0
BRDA:8,2,0,10
BRDA:8,2,1,4
BRDA:10,3,0,10
BRDA:10,3,1,1
BRF:9
BRH:7
end_of_record
TN:
SF:C:\Users\Illia_Sauchuk\Projects\react-cource\src\reducers\index.js
FNF:0
FNH:0
LF:0
LH:0
BRF:0
BRH:0
end_of_record
TN:
SF:C:\Users\Illia_Sauchuk\Projects\react-cource\src\reducers\movies.js
FN:16,(anonymous_0)
FN:30,(anonymous_1)
FN:42,loadMoviesFulfilled
FN:49,sortMoviesList
FN:56,loadMovies
FN:57,(anonymous_5)
FN:61,(anonymous_6)
FN:62,(anonymous_7)
FN:66,(anonymous_8)
FNF:9
FNH:4
FNDA:12,(anonymous_0)
FNDA:45,(anonymous_1)
FNDA:1,loadMoviesFulfilled
FNDA:1,sortMoviesList
FNDA:0,loadMovies
FNDA:0,(anonymous_5)
FNDA:0,(anonymous_6)
FNDA:0,(anonymous_7)
FNDA:0,(anonymous_8)
DA:3,3
DA:4,3
DA:5,3
DA:6,3
DA:8,3
DA:16,3
DA:17,12
DA:19,12
DA:21,1
DA:24,1
DA:27,1
DA:30,1
DA:31,45
DA:32,0
DA:36,8
DA:43,1
DA:50,1
DA:57,0
DA:58,0
DA:60,0
DA:61,0
DA:63,0
DA:64,0
DA:67,0
DA:68,0
LF:25
LH:16
BRDA:16,0,0,8
BRDA:16,1,0,0
BRDA:19,2,0,1
BRDA:19,2,1,1
BRDA:19,2,2,1
BRDA:19,2,3,1
BRDA:19,2,4,8
BRDA:31,3,0,45
BRDA:31,3,1,0
BRF:9
BRH:7
end_of_record
TN:
SF:C:\Users\Illia_Sauchuk\Projects\react-cource\src\store\configureStore.dev.js
FN:33,(anonymous_0)
FNF:1
FNH:1
FNDA:2,(anonymous_0)
DA:32,2
DA:33,2
DA:39,2
DA:40,2
LF:4
LH:4
BRDA:32,0,0,2
BRDA:32,0,1,0
BRDA:34,1,0,0
BRDA:34,1,1,0
BRF:4
BRH:1
end_of_record
TN:
SF:C:\Users\Illia_Sauchuk\Projects\react-cource\src\store\index.js
FNF:0
FNH:0
LF:0
LH:0
BRF:0
BRH:0
end_of_record
